0 info it worked if it ends with ok
1 verbose cli [ 'node',
1 verbose cli   '/Users/a7s14/.nvm/v0.10.36/bin/npm',
1 verbose cli   'version',
1 verbose cli   'minor' ]
2 info using npm@2.7.3
3 info using node@v0.10.36
4 info git [ 'status', '--porcelain' ]
5 verbose stack Error: Git working directory not clean.
5 verbose stack A  .idea/jsLibraryMappings.xml
5 verbose stack A  .idea/libraries/ux_cli_node_modules.xml
5 verbose stack M dist/index.js
5 verbose stack M dist/lib/ux-config.js
5 verbose stack M gulpfile.js
5 verbose stack M package.json
5 verbose stack M src/index.js
5 verbose stack D ux.default.json
5 verbose stack     at /Users/a7s14/.nvm/v0.10.36/lib/node_modules/npm/lib/version.js:138:37
5 verbose stack     at /Users/a7s14/.nvm/v0.10.36/lib/node_modules/npm/lib/utils/git.js:26:8
5 verbose stack     at ChildProcess.exithandler (child_process.js:656:7)
5 verbose stack     at ChildProcess.emit (events.js:98:17)
5 verbose stack     at maybeClose (child_process.js:766:16)
5 verbose stack     at Socket.<anonymous> (child_process.js:979:11)
5 verbose stack     at Socket.emit (events.js:95:17)
5 verbose stack     at Pipe.close (net.js:466:12)
6 verbose cwd /Users/a7s14/Projects/ux-cli
7 error Darwin 14.3.0
8 error argv "node" "/Users/a7s14/.nvm/v0.10.36/bin/npm" "version" "minor"
9 error node v0.10.36
10 error npm  v2.7.3
11 error Git working directory not clean.
11 error A  .idea/jsLibraryMappings.xml
11 error A  .idea/libraries/ux_cli_node_modules.xml
11 error M dist/index.js
11 error M dist/lib/ux-config.js
11 error M gulpfile.js
11 error M package.json
11 error M src/index.js
11 error D ux.default.json
12 error If you need help, you may report this error at:
12 error     <https://github.com/npm/npm/issues>
13 verbose exit [ 1, true ]
